<?xml version="1.0" encoding="UTF-8"?>
<!-- Generated by org.testng.reporters.JUnitReportReporter -->
<testsuite hostname="TOSHIBA" name="test.YahooTest" tests="2" failures="0" timestamp="22 Jan 2014 06:41:36 GMT" time="0.010" errors="0">
  <testcase name="testsendmail" time="0.001" classname="test.YahooTest"/>
  <testcase name="testreceivemail" time="0.009" classname="test.YahooTest"/>
</testsuite> <!-- test.YahooTest -->
