<?xml version="1.0" encoding="UTF-8"?>
<!-- Generated by org.testng.reporters.JUnitReportReporter -->
<testsuite hostname="TOSHIBA" name="SampleTest" tests="2" failures="0" timestamp="20 Jan 2014 15:58:18 GMT" time="0.060" errors="0">
  <testcase name="testApp" time="0.057" classname="SampleTest"/>
  <testcase name="testlogin" time="0.003" classname="SampleTest"/>
</testsuite> <!-- SampleTest -->
