<?xml version="1.0" encoding="UTF-8"?>
<!-- Generated by org.testng.reporters.JUnitReportReporter -->
<testsuite hostname="Azu-PC" name="test.YahooNewsTest" tests="2" failures="0" timestamp="16 Oct 2014 20:07:59 GMT" time="0.031" errors="0">
  <testcase name="sample" time="0.015" classname="test.YahooNewsTest"/>
  <testcase name="yahoonews" time="0.016" classname="test.YahooNewsTest"/>
</testsuite> <!-- test.YahooNewsTest -->
